INFO: 2025/07/01 00:04:13 main.go:52: Botが起動しました。スラッシュコマンドを登録します。
INFO: 2025/07/01 00:04:14 main.go:59: Bot is now running. Press CTRL-C to exit.
INFO: 2025/07/01 00:05:30 ticket_setup.go:36: ticket-setup command received
INFO: 2025/07/01 00:21:21 main.go:65: Botをシャットダウンします。
INFO: 2025/07/01 00:21:22 main.go:74: コマンドを削除しました。
INFO: 2025/07/01 00:34:57 main.go:52: Botが起動しました。スラッシュコマンドを登録します。
INFO: 2025/07/01 00:34:57 main.go:59: Bot is now running. Press CTRL-C to exit.
INFO: 2025/07/01 00:38:35 timeout.go:39: timeout command received
INFO: 2025/07/01 00:39:02 timeout.go:39: timeout command received
ERROR: 2025/07/01 00:39:02 timeout.go:83: Failed to timeout user: HTTP 403 Forbidden, {"message": "Missing Permissions", "code": 50013}
INFO: 2025/07/01 00:40:55 kick.go:32: kick command received
ERROR: 2025/07/01 00:40:56 kick.go:53: Failed to kick user: HTTP 403 Forbidden, {"message": "Missing Permissions", "code": 50013}
INFO: 2025/07/01 00:46:54 timeout.go:39: timeout command received
INFO: 2025/07/01 00:47:30 main.go:65: Botをシャットダウンします。
INFO: 2025/07/01 00:47:51 main.go:74: コマンドを削除しました。
INFO: 2025/07/01 04:01:52 main.go:65: Botが起動しました。スラッシュコマンドを登録します。
INFO: 2025/07/01 04:01:52 main.go:72: Bot is now running. Press CTRL-C to exit.
INFO: 2025/07/01 04:03:56 ask.go:27: ask command received
INFO: 2025/07/01 04:04:28 ask.go:27: ask command received
INFO: 2025/07/01 04:05:15 ask.go:27: ask command received
INFO: 2025/07/01 04:06:31 ping.go:17: ping command received
INFO: 2025/07/01 04:06:49 ask.go:27: ask command received
INFO: 2025/07/01 04:07:05 ask.go:27: ask command received
INFO: 2025/07/01 04:07:21 ask.go:27: ask command received
INFO: 2025/07/01 04:09:38 main.go:78: Botをシャットダウンします。
INFO: 2025/07/01 04:10:00 main.go:87: コマンドを削除しました。
INFO: 2025/07/01 04:10:39 main.go:65: Botが起動しました。スラッシュコマンドを登録します。
INFO: 2025/07/01 04:10:39 main.go:72: Bot is now running. Press CTRL-C to exit.
INFO: 2025/07/01 04:11:17 ask.go:27: ask command received
INFO: 2025/07/01 04:11:47 ask.go:27: ask command received
INFO: 2025/07/01 04:14:02 main.go:78: Botをシャットダウンします。
INFO: 2025/07/01 04:14:25 main.go:87: コマンドを削除しました。
INFO: 2025/07/01 04:15:26 main.go:65: Botが起動しました。スラッシュコマンドを登録します。
INFO: 2025/07/01 04:15:26 main.go:72: Bot is now running. Press CTRL-C to exit.
INFO: 2025/07/01 04:16:09 ask.go:27: ask command received
INFO: 2025/07/01 04:18:27 ask.go:27: ask command received
INFO: 2025/07/01 04:18:56 ask.go:27: ask command received
INFO: 2025/07/01 04:20:21 ask.go:27: ask command received
INFO: 2025/07/01 04:21:17 main.go:78: Botをシャットダウンします。
INFO: 2025/07/01 04:21:39 main.go:87: コマンドを削除しました。
INFO: 2025/07/01 04:21:53 main.go:65: Botが起動しました。スラッシュコマンドを登録します。
INFO: 2025/07/01 04:21:54 main.go:72: Bot is now running. Press CTRL-C to exit.
INFO: 2025/07/01 04:23:13 ask.go:27: ask command received
INFO: 2025/07/01 04:25:28 ticket_setup.go:42: ticket-setup command received
INFO: 2025/07/01 04:32:42 main.go:78: Botをシャットダウンします。
INFO: 2025/07/01 04:33:03 main.go:87: コマンドを削除しました。
INFO: 2025/07/01 04:33:31 main.go:65: Botが起動しました。スラッシュコマンドを登録します。
INFO: 2025/07/01 04:33:32 main.go:72: Bot is now running. Press CTRL-C to exit.
INFO: 2025/07/01 04:34:42 ticket_setup.go:42: ticket-setup command received
INFO: 2025/07/01 04:38:53 main.go:78: Botをシャットダウンします。
INFO: 2025/07/01 04:39:15 main.go:87: コマンドを削除しました。
INFO: 2025/07/01 04:39:24 main.go:65: Botが起動しました。スラッシュコマンドを登録します。
INFO: 2025/07/01 04:39:25 main.go:71: Bot is now running. Press CTRL-C to exit.
INFO: 2025/07/01 04:44:32 main.go:76: Botをシャットダウンします。
INFO: 2025/07/01 04:47:19 main.go:65: Botが起動しました。スラッシュコマンドを登録します。
INFO: 2025/07/01 04:47:20 main.go:72: Bot is now running. Press CTRL-C to exit.
INFO: 2025/07/01 04:47:51 ping.go:17: ping command received
INFO: 2025/07/01 04:47:53 main.go:77: Botをシャットダウンします。
INFO: 2025/07/01 04:48:00 main.go:65: Botが起動しました。スラッシュコマンドを登録します。
INFO: 2025/07/01 04:48:00 main.go:72: Bot is now running. Press CTRL-C to exit.
INFO: 2025/07/01 04:48:03 ping.go:17: ping command received
INFO: 2025/07/01 04:48:41 ticket_setup.go:42: ticket-setup command received
INFO: 2025/07/01 04:59:14 main.go:77: Botをシャットダウンします。
INFO: 2025/07/01 04:59:22 main.go:65: Botが起動しました。スラッシュコマンドを登録します。
INFO: 2025/07/01 04:59:23 main.go:72: Bot is now running. Press CTRL-C to exit.
INFO: 2025/07/01 04:59:40 ticket_setup.go:39: ticket-setup command received
INFO: 2025/07/01 05:10:00 main.go:77: Botをシャットダウンします。
INFO: 2025/07/01 05:10:06 main.go:65: Botが起動しました。スラッシュコマンドを登録します。
INFO: 2025/07/01 05:10:06 main.go:72: Bot is now running. Press CTRL-C to exit.
INFO: 2025/07/01 05:15:16 main.go:77: Botをシャットダウンします。
INFO: 2025/07/01 05:23:01 main.go:65: Botが起動しました。スラッシュコマンドを登録します。
INFO: 2025/07/01 05:23:01 main.go:72: Bot is now running. Press CTRL-C to exit.
ERROR: 2025/07/01 05:24:40 ticket_handler.go:112: Failed to create ticket channel: HTTP 400 Bad Request, {"message": "Invalid Form Body", "code": 50035, "errors": {"permission_overwrites": {"2": {"id": {"_errors": [{"code": "NUMBER_TYPE_COERCE", "message": "Value \"\" is not snowflake."}]}}}}}
INFO: 2025/07/01 05:25:16 ticket_setup.go:39: ticket-setup command received
INFO: 2025/07/01 05:34:41 main.go:77: Botをシャットダウンします。
INFO: 2025/07/01 05:35:02 main.go:65: Botが起動しました。スラッシュコマンドを登録します。
INFO: 2025/07/01 05:35:02 main.go:72: Bot is now running. Press CTRL-C to exit.
ERROR: 2025/07/01 05:35:36 ticket_handler.go:106: Failed to create ticket channel: HTTP 400 Bad Request, {"message": "Invalid Form Body", "code": 50035, "errors": {"permission_overwrites": {"2": {"id": {"_errors": [{"code": "NUMBER_TYPE_COERCE", "message": "Value \"\" is not snowflake."}]}}}}}
INFO: 2025/07/01 05:35:48 ticket_setup.go:39: ticket-setup command received
INFO: 2025/07/01 05:39:47 ask.go:27: ask command received
INFO: 2025/07/01 05:40:14 ask.go:27: ask command received
INFO: 2025/07/01 05:40:53 ask.go:27: ask command received
INFO: 2025/07/01 05:50:39 main.go:77: Botをシャットダウンします。
INFO: 2025/07/01 05:50:47 main.go:65: Botが起動しました。スラッシュコマンドを登録します。
INFO: 2025/07/01 05:50:47 main.go:72: Bot is now running. Press CTRL-C to exit.
INFO: 2025/07/01 05:52:36 main.go:77: Botをシャットダウンします。
INFO: 2025/07/01 05:52:43 main.go:65: Botが起動しました。スラッシュコマンドを登録します。
INFO: 2025/07/01 05:52:43 main.go:72: Bot is now running. Press CTRL-C to exit.
INFO: 2025/07/01 05:53:27 power_converter.go:71: convert-power command received
INFO: 2025/07/01 05:56:09 main.go:77: Botをシャットダウンします。
INFO: 2025/07/01 05:56:27 main.go:65: Botが起動しました。スラッシュコマンドを登録します。
INFO: 2025/07/01 05:56:28 main.go:72: Bot is now running. Press CTRL-C to exit.
INFO: 2025/07/01 05:57:44 power_converter.go:68: convert-power command received
INFO: 2025/07/01 05:59:04 main.go:77: Botをシャットダウンします。
INFO: 2025/07/01 05:59:11 main.go:65: Botが起動しました。スラッシュコマンドを登録します。
INFO: 2025/07/01 05:59:12 main.go:72: Bot is now running. Press CTRL-C to exit.
INFO: 2025/07/01 05:59:18 power_converter.go:68: convert-power command received
ERROR: 2025/07/01 06:08:00 ticket_handler.go:106: Failed to create ticket channel: HTTP 400 Bad Request, {"message": "Invalid Form Body", "code": 50035, "errors": {"permission_overwrites": {"2": {"id": {"_errors": [{"code": "NUMBER_TYPE_COERCE", "message": "Value \"\" is not snowflake."}]}}}}}
INFO: 2025/07/01 06:08:54 power_converter.go:68: convert-power command received
INFO: 2025/07/01 06:10:36 ask.go:27: ask command received
INFO: 2025/07/01 06:11:41 ask.go:27: ask command received
INFO: 2025/07/01 06:12:02 ask.go:27: ask command received
INFO: 2025/07/01 06:12:34 main.go:77: Botをシャットダウンします。
INFO: 2025/07/01 06:12:47 main.go:65: Botが起動しました。スラッシュコマンドを登録します。
FATAL: 2025/07/01 06:12:48 main.go:69: コマンドの登録に失敗しました: HTTP 400 Bad Request, {"message": "Invalid Form Body", "code": 50035, "errors": {"7": {"options": {"4": {"_errors": [{"code": "APPLICATION_COMMAND_OPTIONS_REQUIRED_INVALID", "message": "Required options must be placed before non-required options"}]}}}}}
INFO: 2025/07/01 06:12:48 main.go:72: Bot is now running. Press CTRL-C to exit.
INFO: 2025/07/01 06:15:12 main.go:77: Botをシャットダウンします。
INFO: 2025/07/01 06:15:31 main.go:65: Botが起動しました。スラッシュコマンドを登録します。
INFO: 2025/07/01 06:15:31 main.go:72: Bot is now running. Press CTRL-C to exit.
INFO: 2025/07/01 06:16:37 main.go:77: Botをシャットダウンします。
INFO: 2025/07/01 06:17:00 main.go:65: Botが起動しました。スラッシュコマンドを登録します。
INFO: 2025/07/01 06:17:00 main.go:72: Bot is now running. Press CTRL-C to exit.
INFO: 2025/07/01 06:19:38 pokemon_stats.go:76: calc-stats command received
INFO: 2025/07/01 06:32:19 main.go:77: Botをシャットダウンします。
INFO: 2025/07/01 06:32:25 main.go:65: Botが起動しました。スラッシュコマンドを登録します。
INFO: 2025/07/01 06:32:26 main.go:72: Bot is now running. Press CTRL-C to exit.
INFO: 2025/07/01 06:35:15 pokemon_stats.go:113: calc-stats command received
INFO: 2025/07/01 06:37:58 calculator.go:27: calc command received
INFO: 2025/07/01 06:40:39 main.go:77: Botをシャットダウンします。
INFO: 2025/07/01 06:40:46 main.go:65: Botが起動しました。スラッシュコマンドを登録します。
INFO: 2025/07/01 06:40:46 main.go:72: Bot is now running. Press CTRL-C to exit.
INFO: 2025/07/01 06:42:02 pokemon_stats.go:114: calc-stats command received
INFO: 2025/07/01 06:42:13 calculator.go:27: calc command received
ERROR: 2025/07/01 06:42:13 calculator.go:35: Failed to parse expression: Undefined function abs
INFO: 2025/07/01 06:42:36 calculator.go:27: calc command received
ERROR: 2025/07/01 06:42:36 calculator.go:35: Failed to parse expression: Undefined function abs
INFO: 2025/07/01 07:06:23 main.go:77: Botをシャットダウンします。
INFO: 2025/07/01 07:06:40 main.go:68: Botが起動しました。スラッシュコマンドを登録します。
INFO: 2025/07/01 07:06:40 main.go:74: Bot is now running. Press CTRL-C to exit.
INFO: 2025/07/01 07:09:04 main.go:79: Botをシャットダウンします。
INFO: 2025/07/01 07:18:59 main.go:84: Botが起動しました。スラッシュコマンドを登録します。
INFO: 2025/07/01 07:18:59 main.go:92: Bot is now running. Press CTRL-C to exit.
INFO: 2025/07/01 07:40:51 main.go:99: Botをシャットダウンします。
INFO: 2025/07/01 07:40:58 main.go:84: Botが起動しました。スラッシュコマンドを登録します。
INFO: 2025/07/01 07:40:59 main.go:92: Bot is now running. Press CTRL-C to exit.
INFO: 2025/07/01 07:41:41 embed.go:19: embed command received, showing modal
INFO: 2025/07/01 07:43:53 calculator.go:27: calc command received
ERROR: 2025/07/01 07:43:53 calculator.go:35: Failed to parse expression: Undefined function abs
INFO: 2025/07/01 07:44:54 calculator.go:27: calc command received
ERROR: 2025/07/01 07:44:54 calculator.go:35: Failed to parse expression: Undefined function abs
INFO: 2025/07/01 07:45:20 calculator.go:27: calc command received
ERROR: 2025/07/01 07:45:20 calculator.go:35: Failed to parse expression: Undefined function abs
INFO: 2025/07/01 07:46:05 calculator.go:27: calc command received
ERROR: 2025/07/01 07:46:05 calculator.go:35: Failed to parse expression: Undefined function abs
INFO: 2025/07/01 07:46:43 calculator.go:27: calc command received
ERROR: 2025/07/01 07:46:43 calculator.go:35: Failed to parse expression: Undefined function abs
INFO: 2025/07/01 07:49:43 main.go:99: Botをシャットダウンします。
INFO: 2025/07/01 07:50:04 main.go:84: Botが起動しました。スラッシュコマンドを登録します。
INFO: 2025/07/01 07:50:04 main.go:92: Bot is now running. Press CTRL-C to exit.
INFO: 2025/07/01 07:50:59 calculator.go:69: calc command received
INFO: 2025/07/01 07:56:03 main.go:99: Botをシャットダウンします。
INFO: 2025/07/01 07:56:11 main.go:84: Botが起動しました。スラッシュコマンドを登録します。
INFO: 2025/07/01 07:56:11 main.go:92: Bot is now running. Press CTRL-C to exit.
INFO: 2025/07/01 08:28:44 main.go:99: Botをシャットダウンします。
INFO: 2025/07/01 08:29:04 dashboard.go:118: Running initial dashboard update...
INFO: 2025/07/01 08:29:04 main.go:107: Botが起動しました。スラッシュコマンドを登録します。
INFO: 2025/07/01 08:29:04 main.go:113: Bot is now running. Press CTRL-C to exit.
INFO: 2025/07/01 08:34:04 dashboard.go:126: Updating all dashboards...
INFO: 2025/07/01 08:39:04 dashboard.go:126: Updating all dashboards...
INFO: 2025/07/01 08:44:04 dashboard.go:126: Updating all dashboards...
INFO: 2025/07/01 08:49:04 dashboard.go:126: Updating all dashboards...
INFO: 2025/07/01 08:54:04 dashboard.go:126: Updating all dashboards...
INFO: 2025/07/01 08:59:04 dashboard.go:126: Updating all dashboards...
INFO: 2025/07/01 09:04:04 dashboard.go:126: Updating all dashboards...
INFO: 2025/07/01 09:09:04 dashboard.go:126: Updating all dashboards...
INFO: 2025/07/01 09:14:04 dashboard.go:126: Updating all dashboards...
INFO: 2025/07/01 09:19:04 dashboard.go:126: Updating all dashboards...
INFO: 2025/07/01 09:24:04 dashboard.go:126: Updating all dashboards...
INFO: 2025/07/01 09:29:04 dashboard.go:126: Updating all dashboards...
INFO: 2025/07/01 09:34:04 dashboard.go:126: Updating all dashboards...
INFO: 2025/07/01 09:39:04 dashboard.go:126: Updating all dashboards...
INFO: 2025/07/01 09:44:04 dashboard.go:126: Updating all dashboards...
INFO: 2025/07/01 09:49:04 dashboard.go:126: Updating all dashboards...
INFO: 2025/07/01 09:53:03 ask.go:27: ask command received
INFO: 2025/07/01 09:53:32 ask.go:27: ask command received
INFO: 2025/07/01 09:54:04 dashboard.go:126: Updating all dashboards...
INFO: 2025/07/01 09:58:38 ask.go:27: ask command received
INFO: 2025/07/01 09:59:04 dashboard.go:126: Updating all dashboards...
INFO: 2025/07/01 09:59:21 ask.go:27: ask command received
INFO: 2025/07/01 09:59:54 ask.go:27: ask command received
INFO: 2025/07/01 10:00:11 ask.go:27: ask command received
INFO: 2025/07/01 10:04:04 dashboard.go:126: Updating all dashboards...
INFO: 2025/07/01 10:09:04 dashboard.go:126: Updating all dashboards...
INFO: 2025/07/01 10:14:04 dashboard.go:126: Updating all dashboards...
INFO: 2025/07/01 10:19:04 dashboard.go:126: Updating all dashboards...
INFO: 2025/07/01 10:24:04 dashboard.go:126: Updating all dashboards...
INFO: 2025/07/01 10:29:04 dashboard.go:126: Updating all dashboards...
INFO: 2025/07/01 10:34:04 dashboard.go:126: Updating all dashboards...
INFO: 2025/07/01 10:39:04 dashboard.go:126: Updating all dashboards...
INFO: 2025/07/01 10:44:04 dashboard.go:126: Updating all dashboards...
INFO: 2025/07/01 10:49:04 dashboard.go:126: Updating all dashboards...
INFO: 2025/07/01 10:54:04 dashboard.go:126: Updating all dashboards...
INFO: 2025/07/01 10:59:04 dashboard.go:126: Updating all dashboards...
INFO: 2025/07/01 11:04:04 dashboard.go:126: Updating all dashboards...
INFO: 2025/07/01 11:09:04 dashboard.go:126: Updating all dashboards...
INFO: 2025/07/01 11:14:04 dashboard.go:126: Updating all dashboards...
INFO: 2025/07/01 11:19:04 dashboard.go:126: Updating all dashboards...
INFO: 2025/07/01 11:24:04 dashboard.go:126: Updating all dashboards...
INFO: 2025/07/01 11:29:04 dashboard.go:126: Updating all dashboards...
INFO: 2025/07/01 11:34:04 dashboard.go:126: Updating all dashboards...
INFO: 2025/07/01 11:39:04 dashboard.go:126: Updating all dashboards...
INFO: 2025/07/01 11:44:04 dashboard.go:126: Updating all dashboards...
INFO: 2025/07/01 11:49:04 dashboard.go:126: Updating all dashboards...
INFO: 2025/07/01 11:54:04 dashboard.go:126: Updating all dashboards...
INFO: 2025/07/01 11:59:04 dashboard.go:126: Updating all dashboards...
INFO: 2025/07/01 12:04:04 dashboard.go:126: Updating all dashboards...
INFO: 2025/07/01 12:09:04 dashboard.go:126: Updating all dashboards...
INFO: 2025/07/01 12:14:04 dashboard.go:126: Updating all dashboards...
INFO: 2025/07/01 12:19:04 dashboard.go:126: Updating all dashboards...
INFO: 2025/07/01 12:24:04 dashboard.go:126: Updating all dashboards...
INFO: 2025/07/01 12:29:04 dashboard.go:126: Updating all dashboards...
INFO: 2025/07/01 12:34:04 dashboard.go:126: Updating all dashboards...
INFO: 2025/07/01 12:39:04 dashboard.go:126: Updating all dashboards...
INFO: 2025/07/01 12:44:04 dashboard.go:126: Updating all dashboards...
INFO: 2025/07/01 12:49:04 dashboard.go:126: Updating all dashboards...
INFO: 2025/07/01 12:54:04 dashboard.go:126: Updating all dashboards...
INFO: 2025/07/01 12:59:04 dashboard.go:126: Updating all dashboards...
INFO: 2025/07/01 13:04:04 dashboard.go:126: Updating all dashboards...
INFO: 2025/07/01 13:09:04 dashboard.go:126: Updating all dashboards...
INFO: 2025/07/01 13:14:00 dashboard.go:126: Updating all dashboards...
INFO: 2025/07/01 13:19:00 dashboard.go:126: Updating all dashboards...
INFO: 2025/07/01 13:24:00 dashboard.go:126: Updating all dashboards...
INFO: 2025/07/01 13:29:00 dashboard.go:126: Updating all dashboards...
INFO: 2025/07/01 13:34:00 dashboard.go:126: Updating all dashboards...
INFO: 2025/07/01 13:39:00 dashboard.go:126: Updating all dashboards...
INFO: 2025/07/01 13:44:00 dashboard.go:126: Updating all dashboards...
INFO: 2025/07/01 13:47:23 config.go:20: config command received
INFO: 2025/07/01 13:49:00 dashboard.go:126: Updating all dashboards...
INFO: 2025/07/01 13:50:39 power_converter.go:68: convert-power command received
INFO: 2025/07/01 13:53:24 info.go:93: info user command received
ERROR: 2025/07/01 13:53:24 info.go:104: Failed to get member info: state cache not found
INFO: 2025/07/01 13:53:40 info.go:56: info server command received
INFO: 2025/07/01 13:53:52 info.go:93: info user command received
INFO: 2025/07/01 13:54:00 dashboard.go:126: Updating all dashboards...
INFO: 2025/07/01 13:54:48 config.go:20: config command received
INFO: 2025/07/01 13:55:22 logging_handler.go:172: Channel ｜atyonmc-1122 was deleted
INFO: 2025/07/01 13:56:30 temp_voice.go:39: User s12kuma01 joined lobby, creating a temp channel.
ERROR: 2025/07/01 13:56:30 temp_voice.go:49: Failed to create temp VC: HTTP 400 Bad Request, {"message": "Invalid Form Body", "code": 50035, "errors": {"topic": {"_errors": [{"code": "CHANNEL_TOPIC_INVALID", "message": "Field contains at least one word that is not allowed."}]}}}
INFO: 2025/07/01 14:13:34 dashboard.go:126: Updating all dashboards...
ERROR: 2025/07/01 14:13:34 dashboard.go:108: Failed to edit dashboard message: Patch "https://discord.com/api/v9/channels/1384986408095186944/messages/1389468830618750986": dial tcp: lookup discord.com: no such host
INFO: 2025/07/01 14:14:00 dashboard.go:126: Updating all dashboards...
INFO: 2025/07/01 14:14:17 embed.go:19: embed command received, showing modal
INFO: 2025/07/01 14:19:00 dashboard.go:126: Updating all dashboards...
INFO: 2025/07/01 14:24:00 dashboard.go:126: Updating all dashboards...
INFO: 2025/07/01 14:29:00 dashboard.go:126: Updating all dashboards...
INFO: 2025/07/01 14:34:00 dashboard.go:126: Updating all dashboards...
INFO: 2025/07/01 14:39:00 dashboard.go:126: Updating all dashboards...
INFO: 2025/07/01 14:44:00 dashboard.go:126: Updating all dashboards...
INFO: 2025/07/01 14:49:00 dashboard.go:126: Updating all dashboards...
INFO: 2025/07/01 21:27:14 dashboard.go:126: Updating all dashboards...
ERROR: 2025/07/01 21:27:14 dashboard.go:108: Failed to edit dashboard message: Patch "https://discord.com/api/v9/channels/1384986408095186944/messages/1389468830618750986": dial tcp: lookup discord.com: no such host
INFO: 2025/07/01 21:29:00 dashboard.go:126: Updating all dashboards...
INFO: 2025/07/01 21:33:26 main.go:118: Botをシャットダウンします。
